<?xml version="1.0" encoding="UTF-8"?>
<testsuite hostname="LDALmac40V8JG5M" name="cucumber.api.testng.AbstractTestNGCucumberTests" tests="2" failures="2" timestamp="19 Apr 2019 21:30:22 GMT" time="159.85" errors="0">
  <testcase name="feature" time="120.617" classname="CucumberOptions.TestRunner">
    <failure type="cucumber.runtime.CucumberException" message="java.lang.NullPointerException">
      <![CDATA[cucumber.runtime.CucumberException: java.lang.NullPointerException
	at cucumber.api.testng.TestNGCucumberRunner.runCucumber(TestNGCucumberRunner.java:69)
	at cucumber.api.testng.AbstractTestNGCucumberTests.feature(AbstractTestNGCucumberTests.java:21)
	at org.apache.maven.surefire.testng.TestNGExecutor.run(TestNGExecutor.java:295)
	at org.apache.maven.surefire.testng.TestNGXmlTestSuite.execute(TestNGXmlTestSuite.java:84)
	at org.apache.maven.surefire.testng.TestNGProvider.invoke(TestNGProvider.java:90)
	at org.apache.maven.surefire.booter.ForkedBooter.invokeProviderInSameClassLoader(ForkedBooter.java:203)
	at org.apache.maven.surefire.booter.ForkedBooter.runSuitesInProcess(ForkedBooter.java:155)
	at org.apache.maven.surefire.booter.ForkedBooter.main(ForkedBooter.java:103)
Caused by: java.lang.NullPointerException
	at resources.MysqlConIMDB.endCon(MysqlConIMDB.java:57)
	at resources.QueriesCombined.getTheLatestAISFeedRunIDWithStatus(QueriesCombined.java:31)
	at stepDefinitions.OperationsStepDef.getTheIdOfTheLatestSFeedRunForAIS_CAWithStatus(OperationsStepDef.java:36)
	at ✽.When Get the id of the latest SUCCESS feedRun for AIS_CA(CompatibilityAndRegions.feature:9)
... Removed 22 stack frames]]>
    </failure>
  </testcase>
  <testcase name="feature" time="38.81" classname="CucumberOptions.TestRunner">
    <failure type="cucumber.runtime.CucumberException" message="java.lang.NullPointerException">
      <![CDATA[cucumber.runtime.CucumberException: java.lang.NullPointerException
	at cucumber.api.testng.TestNGCucumberRunner.runCucumber(TestNGCucumberRunner.java:69)
	at cucumber.api.testng.AbstractTestNGCucumberTests.feature(AbstractTestNGCucumberTests.java:21)
	at org.apache.maven.surefire.testng.TestNGExecutor.run(TestNGExecutor.java:295)
	at org.apache.maven.surefire.testng.TestNGXmlTestSuite.execute(TestNGXmlTestSuite.java:84)
	at org.apache.maven.surefire.testng.TestNGProvider.invoke(TestNGProvider.java:90)
	at org.apache.maven.surefire.booter.ForkedBooter.invokeProviderInSameClassLoader(ForkedBooter.java:203)
	at org.apache.maven.surefire.booter.ForkedBooter.runSuitesInProcess(ForkedBooter.java:155)
	at org.apache.maven.surefire.booter.ForkedBooter.main(ForkedBooter.java:103)
Caused by: java.lang.NullPointerException
	at resources.MysqlConIMDB.endCon(MysqlConIMDB.java:57)
	at resources.QueriesCombined.getTheLatestAISFeedRunIDWithStatus(QueriesCombined.java:31)
	at stepDefinitions.OperationsStepDef.getTheIdOfTheLatestSFeedRunForAIS_CAWithStatus(OperationsStepDef.java:36)
	at ✽.When Get the id of the latest SUCCESS feedRun for AIS_CA(Download.feature:12)
... Removed 22 stack frames]]>
    </failure>
  </testcase>
</testsuite>
